[2020-12-19 18:19:25.699] [exthost] [info] extension host started
[2020-12-19 18:19:26.669] [exthost] [info] ExtensionService#_doActivateExtension ms-toolsai.jupyter {"startup":false,"extensionId":{"value":"ms-toolsai.jupyter","_lower":"ms-toolsai.jupyter"},"activationEvent":"onLanguage:python"}
[2020-12-19 18:19:26.671] [exthost] [info] ExtensionService#loadCommonJSModule file:///home/jofreddy7/.vscode-server/extensions/ms-toolsai.jupyter-2020.12.414227025/out/client/extension
[2020-12-19 18:19:27.796] [exthost] [info] ExtensionService#_doActivateExtension vscode.debug-auto-launch {"startup":true,"extensionId":{"value":"vscode.debug-auto-launch","_lower":"vscode.debug-auto-launch"},"activationEvent":"*"}
[2020-12-19 18:19:27.797] [exthost] [info] ExtensionService#loadCommonJSModule file:///home/jofreddy7/.vscode-server/bin/940b5f4bb5fa47866a54529ed759d95d09ee80be/extensions/debug-auto-launch/dist/extension
[2020-12-19 18:19:27.821] [exthost] [info] ExtensionService#_doActivateExtension vscode.emmet {"startup":true,"extensionId":{"value":"vscode.emmet","_lower":"vscode.emmet"},"activationEvent":"*"}
[2020-12-19 18:19:27.821] [exthost] [info] ExtensionService#loadCommonJSModule file:///home/jofreddy7/.vscode-server/bin/940b5f4bb5fa47866a54529ed759d95d09ee80be/extensions/emmet/dist/node/emmetNodeMain
[2020-12-19 18:19:27.891] [exthost] [info] ExtensionService#_doActivateExtension vscode.git {"startup":true,"extensionId":{"value":"vscode.github","_lower":"vscode.github"},"activationEvent":"*"}
[2020-12-19 18:19:27.891] [exthost] [info] ExtensionService#loadCommonJSModule file:///home/jofreddy7/.vscode-server/bin/940b5f4bb5fa47866a54529ed759d95d09ee80be/extensions/git/dist/main
[2020-12-19 18:19:28.056] [exthost] [info] ExtensionService#_doActivateExtension vscode.merge-conflict {"startup":true,"extensionId":{"value":"vscode.merge-conflict","_lower":"vscode.merge-conflict"},"activationEvent":"*"}
[2020-12-19 18:19:28.056] [exthost] [info] ExtensionService#loadCommonJSModule file:///home/jofreddy7/.vscode-server/bin/940b5f4bb5fa47866a54529ed759d95d09ee80be/extensions/merge-conflict/dist/mergeConflictMain
[2020-12-19 18:19:28.080] [exthost] [info] ExtensionService#_doActivateExtension vscode.search-result {"startup":true,"extensionId":{"value":"vscode.search-result","_lower":"vscode.search-result"},"activationEvent":"*"}
[2020-12-19 18:19:28.080] [exthost] [info] ExtensionService#loadCommonJSModule file:///home/jofreddy7/.vscode-server/bin/940b5f4bb5fa47866a54529ed759d95d09ee80be/extensions/search-result/dist/extension.js
[2020-12-19 18:19:31.105] [exthost] [info] ExtensionService#_doActivateExtension vscode.github {"startup":true,"extensionId":{"value":"vscode.github","_lower":"vscode.github"},"activationEvent":"*"}
[2020-12-19 18:19:31.106] [exthost] [info] ExtensionService#loadCommonJSModule file:///home/jofreddy7/.vscode-server/bin/940b5f4bb5fa47866a54529ed759d95d09ee80be/extensions/github/dist/extension.js
[2020-12-19 18:19:31.248] [exthost] [info] ExtensionService#_doActivateExtension ms-vscode.js-debug {"startup":false,"extensionId":{"value":"ms-vscode.js-debug","_lower":"ms-vscode.js-debug"},"activationEvent":"onCommand:extension.js-debug.clearAutoAttachVariables"}
[2020-12-19 18:19:31.249] [exthost] [info] ExtensionService#loadCommonJSModule file:///home/jofreddy7/.vscode-server/bin/940b5f4bb5fa47866a54529ed759d95d09ee80be/extensions/ms-vscode.js-debug/src/extension.js
[2020-12-19 18:19:31.796] [exthost] [info] eager extensions activated
[2020-12-19 18:19:31.896] [exthost] [info] ExtensionService#_doActivateExtension ms-python.python {"startup":false,"extensionId":{"value":"ms-python.python","_lower":"ms-python.python"},"activationEvent":"onLanguage:python"}
[2020-12-19 18:19:31.896] [exthost] [info] ExtensionService#loadCommonJSModule file:///home/jofreddy7/.vscode-server/extensions/ms-python.python-2020.12.424452561/out/client/extension
[2020-12-19 18:19:34.908] [exthost] [warning] [Decorations] CAPPING events from decorations provider vscode.git 3895
[2020-12-19 18:19:48.502] [exthost] [warning] [Decorations] CAPPING events from decorations provider vscode.git 3895
[2020-12-19 18:19:58.125] [exthost] [warning] [Decorations] CAPPING events from decorations provider vscode.git 3895
[2020-12-19 18:20:08.079] [exthost] [warning] [Decorations] CAPPING events from decorations provider vscode.git 3895
[2020-12-19 18:20:59.748] [exthost] [warning] [Decorations] CAPPING events from decorations provider vscode.git 3895
[2020-12-19 18:21:08.903] [exthost] [warning] [Decorations] CAPPING events from decorations provider vscode.git 3895
[2020-12-19 18:21:17.322] [exthost] [warning] [Decorations] CAPPING events from decorations provider vscode.git 3895
[2020-12-19 18:22:02.327] [exthost] [warning] [Decorations] CAPPING events from decorations provider vscode.git 3895
[2020-12-19 18:22:12.897] [exthost] [warning] [Decorations] CAPPING events from decorations provider vscode.git 3895
[2020-12-19 18:22:43.107] [exthost] [info] ExtensionService#_doActivateExtension vscode.configuration-editing {"startup":false,"extensionId":{"value":"vscode.configuration-editing","_lower":"vscode.configuration-editing"},"activationEvent":"onLanguage:jsonc"}
[2020-12-19 18:22:43.107] [exthost] [info] ExtensionService#loadCommonJSModule file:///home/jofreddy7/.vscode-server/bin/940b5f4bb5fa47866a54529ed759d95d09ee80be/extensions/configuration-editing/dist/configurationEditingMain
[2020-12-19 18:22:43.166] [exthost] [info] ExtensionService#_doActivateExtension vscode.json-language-features {"startup":false,"extensionId":{"value":"vscode.json-language-features","_lower":"vscode.json-language-features"},"activationEvent":"onLanguage:jsonc"}
[2020-12-19 18:22:43.166] [exthost] [info] ExtensionService#loadCommonJSModule file:///home/jofreddy7/.vscode-server/bin/940b5f4bb5fa47866a54529ed759d95d09ee80be/extensions/json-language-features/client/dist/node/jsonClientMain
[2020-12-19 18:22:43.278] [exthost] [info] ExtensionService#_doActivateExtension vscode.typescript-language-features {"startup":false,"extensionId":{"value":"vscode.typescript-language-features","_lower":"vscode.typescript-language-features"},"activationEvent":"onLanguage:jsonc"}
[2020-12-19 18:22:43.278] [exthost] [info] ExtensionService#loadCommonJSModule file:///home/jofreddy7/.vscode-server/bin/940b5f4bb5fa47866a54529ed759d95d09ee80be/extensions/typescript-language-features/dist/extension
[2020-12-19 18:22:45.861] [exthost] [warning] [Decorations] CAPPING events from decorations provider vscode.git 3895
[2020-12-19 18:23:01.675] [exthost] [warning] [Decorations] CAPPING events from decorations provider vscode.git 3895
[2020-12-19 18:23:10.586] [exthost] [warning] [Decorations] CAPPING events from decorations provider vscode.git 3895
[2020-12-19 18:23:15.815] [exthost] [warning] [Decorations] CAPPING events from decorations provider vscode.git 3895
[2020-12-19 18:23:21.022] [exthost] [warning] [Decorations] CAPPING events from decorations provider vscode.git 3895
[2020-12-19 18:23:26.238] [exthost] [warning] [Decorations] CAPPING events from decorations provider vscode.git 3895
[2020-12-19 18:23:31.453] [exthost] [warning] [Decorations] CAPPING events from decorations provider vscode.git 3895
[2020-12-19 18:23:36.671] [exthost] [warning] [Decorations] CAPPING events from decorations provider vscode.git 3895
[2020-12-19 18:23:41.919] [exthost] [warning] [Decorations] CAPPING events from decorations provider vscode.git 3895
[2020-12-19 18:23:47.173] [exthost] [warning] [Decorations] CAPPING events from decorations provider vscode.git 3895
[2020-12-19 18:23:52.417] [exthost] [warning] [Decorations] CAPPING events from decorations provider vscode.git 3895
[2020-12-19 18:24:27.188] [exthost] [warning] [Decorations] CAPPING events from decorations provider vscode.git 3895
[2020-12-19 18:24:35.920] [exthost] [warning] [Decorations] CAPPING events from decorations provider vscode.git 3895
[2020-12-19 18:24:41.170] [exthost] [warning] [Decorations] CAPPING events from decorations provider vscode.git 3895
[2020-12-19 18:25:40.511] [exthost] [warning] [Decorations] CAPPING events from decorations provider vscode.git 3895
[2020-12-19 18:25:45.748] [exthost] [warning] [Decorations] CAPPING events from decorations provider vscode.git 3895
[2020-12-19 18:28:19.974] [exthost] [warning] [Decorations] CAPPING events from decorations provider vscode.git 3895
[2020-12-19 18:28:29.243] [exthost] [warning] [Decorations] CAPPING events from decorations provider vscode.git 3895
[2020-12-19 18:28:34.526] [exthost] [warning] [Decorations] CAPPING events from decorations provider vscode.git 3895
[2020-12-19 18:28:39.825] [exthost] [warning] [Decorations] CAPPING events from decorations provider vscode.git 3895
[2020-12-19 18:28:57.165] [exthost] [warning] [Decorations] CAPPING events from decorations provider vscode.git 3895
[2020-12-19 18:29:05.486] [exthost] [warning] [Decorations] CAPPING events from decorations provider vscode.git 3895
[2020-12-19 18:29:15.208] [exthost] [warning] [Decorations] CAPPING events from decorations provider vscode.git 3895
[2020-12-19 18:29:20.483] [exthost] [warning] [Decorations] CAPPING events from decorations provider vscode.git 3895
[2020-12-19 18:31:16.451] [exthost] [warning] [Decorations] CAPPING events from decorations provider vscode.git 3895
[2020-12-19 18:31:36.127] [exthost] [warning] [Decorations] CAPPING events from decorations provider vscode.git 3895
[2020-12-19 18:31:47.035] [exthost] [warning] [Decorations] CAPPING events from decorations provider vscode.git 3895
[2020-12-19 18:31:52.333] [exthost] [warning] [Decorations] CAPPING events from decorations provider vscode.git 3895
[2020-12-19 18:31:57.542] [exthost] [warning] [Decorations] CAPPING events from decorations provider vscode.git 3895
[2020-12-19 18:32:02.752] [exthost] [warning] [Decorations] CAPPING events from decorations provider vscode.git 3895
[2020-12-19 18:32:07.965] [exthost] [warning] [Decorations] CAPPING events from decorations provider vscode.git 3895
[2020-12-19 18:32:20.224] [exthost] [warning] [Decorations] CAPPING events from decorations provider vscode.git 3895
[2020-12-19 18:32:25.464] [exthost] [warning] [Decorations] CAPPING events from decorations provider vscode.git 3895
[2020-12-19 18:32:33.800] [exthost] [warning] [Decorations] CAPPING events from decorations provider vscode.git 3895
